2023-11-29 10:28:27.340  INFO 246448 --- [restartedMain] kr.co.Dal.DalApplication                 : Starting DalApplication using Java 17.0.3 on DESKTOP-KNPK9MD with PID 246448 (C:\Users\DataLogics\Desktop\Workspace\DAL\DAL\out\production\classes started by DataLogics in C:\Users\DataLogics\Desktop\Workspace\DAL\DAL)
2023-11-29 10:28:27.345 DEBUG 246448 --- [restartedMain] kr.co.Dal.DalApplication                 : Running with Spring Boot v2.7.9, Spring v5.3.25
2023-11-29 10:28:27.346  INFO 246448 --- [restartedMain] kr.co.Dal.DalApplication                 : No active profile set, falling back to 1 default profile: "default"
2023-11-29 10:28:27.358 DEBUG 246448 --- [background-preinit] o.h.v.i.xml.config.ValidationXmlParser   : Trying to load META-INF/validation.xml for XML based Validator configuration.
2023-11-29 10:28:27.360 DEBUG 246448 --- [background-preinit] o.h.v.i.xml.config.ResourceLoaderHelper  : Trying to load META-INF/validation.xml via TCCL
2023-11-29 10:28:27.360 DEBUG 246448 --- [background-preinit] o.h.v.i.xml.config.ResourceLoaderHelper  : Trying to load META-INF/validation.xml via Hibernate Validator's class loader
2023-11-29 10:28:27.360 DEBUG 246448 --- [background-preinit] o.h.v.i.xml.config.ValidationXmlParser   : No META-INF/validation.xml found. Using annotation based configuration only.
2023-11-29 10:28:27.366 DEBUG 246448 --- [background-preinit] o.h.v.i.e.resolver.TraversableResolvers  : Found javax.persistence.Persistence on classpath containing 'getPersistenceUtil'. Assuming JPA 2 environment. Trying to instantiate JPA aware TraversableResolver
2023-11-29 10:28:27.368 DEBUG 246448 --- [background-preinit] o.h.v.i.e.resolver.TraversableResolvers  : Instantiated JPA aware TraversableResolver of type org.hibernate.validator.internal.engine.resolver.JPATraversableResolver.
2023-11-29 10:28:27.389 DEBUG 246448 --- [background-preinit] .h.v.m.ResourceBundleMessageInterpolator : Loaded expression factory via original TCCL
2023-11-29 10:28:27.484 DEBUG 246448 --- [background-preinit] .i.e.ValidatorFactoryConfigurationHelper : HV000252: Using org.hibernate.validator.internal.engine.DefaultPropertyNodeNameProvider as property node name provider.
2023-11-29 10:28:27.490 DEBUG 246448 --- [background-preinit] .i.e.ValidatorFactoryConfigurationHelper : HV000234: Using org.hibernate.validator.messageinterpolation.ResourceBundleMessageInterpolator as ValidatorFactory-scoped message interpolator.
2023-11-29 10:28:27.491 DEBUG 246448 --- [background-preinit] .i.e.ValidatorFactoryConfigurationHelper : HV000234: Using org.hibernate.validator.internal.engine.resolver.JPATraversableResolver as ValidatorFactory-scoped traversable resolver.
2023-11-29 10:28:27.491 DEBUG 246448 --- [background-preinit] .i.e.ValidatorFactoryConfigurationHelper : HV000234: Using org.hibernate.validator.internal.util.ExecutableParameterNameProvider as ValidatorFactory-scoped parameter name provider.
2023-11-29 10:28:27.491 DEBUG 246448 --- [background-preinit] .i.e.ValidatorFactoryConfigurationHelper : HV000234: Using org.hibernate.validator.internal.engine.DefaultClockProvider as ValidatorFactory-scoped clock provider.
2023-11-29 10:28:27.491 DEBUG 246448 --- [background-preinit] .i.e.ValidatorFactoryConfigurationHelper : HV000234: Using org.hibernate.validator.internal.engine.scripting.DefaultScriptEvaluatorFactory as ValidatorFactory-scoped script evaluator factory.
2023-11-29 10:28:27.576  INFO 246448 --- [restartedMain] .e.DevToolsPropertyDefaultsPostProcessor : Devtools property defaults active! Set 'spring.devtools.add-properties' to 'false' to disable
2023-11-29 10:28:27.577  INFO 246448 --- [restartedMain] .e.DevToolsPropertyDefaultsPostProcessor : For additional web related logging consider setting the 'logging.level.web' property to 'DEBUG'
2023-11-29 10:28:28.942  INFO 246448 --- [restartedMain] o.s.b.w.embedded.tomcat.TomcatWebServer  : Tomcat initialized with port(s): 8282 (http)
2023-11-29 10:28:28.950  INFO 246448 --- [restartedMain] o.apache.catalina.core.StandardService   : Starting service [Tomcat]
2023-11-29 10:28:28.950  INFO 246448 --- [restartedMain] org.apache.catalina.core.StandardEngine  : Starting Servlet engine: [Apache Tomcat/9.0.71]
2023-11-29 10:28:29.124  INFO 246448 --- [restartedMain] o.a.c.c.C.[Tomcat].[localhost].[/]       : Initializing Spring embedded WebApplicationContext
2023-11-29 10:28:29.124  INFO 246448 --- [restartedMain] w.s.c.ServletWebServerApplicationContext : Root WebApplicationContext: initialization completed in 1547 ms
2023-11-29 10:28:29.182 DEBUG 246448 --- [restartedMain] .h.v.m.ResourceBundleMessageInterpolator : Loaded expression factory via original TCCL
2023-11-29 10:28:29.185 DEBUG 246448 --- [restartedMain] o.h.v.i.e.AbstractConfigurationImpl      : Setting custom MessageInterpolator of type org.springframework.validation.beanvalidation.LocaleContextMessageInterpolator
2023-11-29 10:28:29.186 DEBUG 246448 --- [restartedMain] o.h.v.i.e.AbstractConfigurationImpl      : Setting custom ConstraintValidatorFactory of type org.springframework.validation.beanvalidation.SpringConstraintValidatorFactory
2023-11-29 10:28:29.186 DEBUG 246448 --- [restartedMain] o.h.v.i.e.AbstractConfigurationImpl      : Setting custom ParameterNameProvider of type org.springframework.validation.beanvalidation.LocalValidatorFactoryBean$1
2023-11-29 10:28:29.187 DEBUG 246448 --- [restartedMain] o.h.v.i.xml.config.ValidationXmlParser   : Trying to load META-INF/validation.xml for XML based Validator configuration.
2023-11-29 10:28:29.188 DEBUG 246448 --- [restartedMain] o.h.v.i.xml.config.ResourceLoaderHelper  : Trying to load META-INF/validation.xml via user class loader
2023-11-29 10:28:29.189 DEBUG 246448 --- [restartedMain] o.h.v.i.xml.config.ResourceLoaderHelper  : Trying to load META-INF/validation.xml via TCCL
2023-11-29 10:28:29.189 DEBUG 246448 --- [restartedMain] o.h.v.i.xml.config.ResourceLoaderHelper  : Trying to load META-INF/validation.xml via Hibernate Validator's class loader
2023-11-29 10:28:29.190 DEBUG 246448 --- [restartedMain] o.h.v.i.xml.config.ValidationXmlParser   : No META-INF/validation.xml found. Using annotation based configuration only.
2023-11-29 10:28:29.190 DEBUG 246448 --- [restartedMain] o.h.v.i.e.resolver.TraversableResolvers  : Found javax.persistence.Persistence on classpath containing 'getPersistenceUtil'. Assuming JPA 2 environment. Trying to instantiate JPA aware TraversableResolver
2023-11-29 10:28:29.190 DEBUG 246448 --- [restartedMain] o.h.v.i.e.resolver.TraversableResolvers  : Instantiated JPA aware TraversableResolver of type org.hibernate.validator.internal.engine.resolver.JPATraversableResolver.
2023-11-29 10:28:29.191 DEBUG 246448 --- [restartedMain] .i.e.ValidatorFactoryConfigurationHelper : HV000252: Using org.hibernate.validator.internal.engine.DefaultPropertyNodeNameProvider as property node name provider.
2023-11-29 10:28:29.192 DEBUG 246448 --- [restartedMain] .i.e.ValidatorFactoryConfigurationHelper : HV000234: Using org.springframework.validation.beanvalidation.LocaleContextMessageInterpolator as ValidatorFactory-scoped message interpolator.
2023-11-29 10:28:29.192 DEBUG 246448 --- [restartedMain] .i.e.ValidatorFactoryConfigurationHelper : HV000234: Using org.hibernate.validator.internal.engine.resolver.JPATraversableResolver as ValidatorFactory-scoped traversable resolver.
2023-11-29 10:28:29.193 DEBUG 246448 --- [restartedMain] .i.e.ValidatorFactoryConfigurationHelper : HV000234: Using org.hibernate.validator.internal.util.ExecutableParameterNameProvider as ValidatorFactory-scoped parameter name provider.
2023-11-29 10:28:29.193 DEBUG 246448 --- [restartedMain] .i.e.ValidatorFactoryConfigurationHelper : HV000234: Using org.hibernate.validator.internal.engine.DefaultClockProvider as ValidatorFactory-scoped clock provider.
2023-11-29 10:28:29.193 DEBUG 246448 --- [restartedMain] .i.e.ValidatorFactoryConfigurationHelper : HV000234: Using org.hibernate.validator.internal.engine.scripting.DefaultScriptEvaluatorFactory as ValidatorFactory-scoped script evaluator factory.
2023-11-29 10:28:29.365  INFO 246448 --- [restartedMain] o.s.b.a.w.s.WelcomePageHandlerMapping    : Adding welcome page template: index
2023-11-29 10:28:29.794 DEBUG 246448 --- [restartedMain] edFilterInvocationSecurityMetadataSource : Adding web access control expression [authenticated] for any request
2023-11-29 10:28:29.808  INFO 246448 --- [restartedMain] o.s.s.web.DefaultSecurityFilterChain     : Will secure any request with [org.springframework.security.web.session.DisableEncodeUrlFilter@cc8c8fc, org.springframework.security.web.context.request.async.WebAsyncManagerIntegrationFilter@3473a1e6, org.springframework.security.web.context.SecurityContextPersistenceFilter@20b918b6, org.springframework.security.web.header.HeaderWriterFilter@18132bd5, org.springframework.security.web.csrf.CsrfFilter@326d5961, org.springframework.security.web.authentication.logout.LogoutFilter@2a211657, org.springframework.security.web.authentication.UsernamePasswordAuthenticationFilter@7788a402, org.springframework.security.web.authentication.ui.DefaultLoginPageGeneratingFilter@741ed28, org.springframework.security.web.authentication.ui.DefaultLogoutPageGeneratingFilter@463c6ea6, org.springframework.security.web.authentication.www.BasicAuthenticationFilter@76c4a587, org.springframework.security.web.savedrequest.RequestCacheAwareFilter@5a1e24ae, org.springframework.security.web.servletapi.SecurityContextHolderAwareRequestFilter@7f15a5dc, org.springframework.security.web.authentication.AnonymousAuthenticationFilter@3cdba46d, org.springframework.security.web.session.SessionManagementFilter@7be86e29, org.springframework.security.web.access.ExceptionTranslationFilter@7fefb309, org.springframework.security.web.access.intercept.FilterSecurityInterceptor@72beea67]
2023-11-29 10:28:29.849  INFO 246448 --- [restartedMain] o.s.b.d.a.OptionalLiveReloadServer       : LiveReload server is running on port 35729
2023-11-29 10:28:29.896  INFO 246448 --- [restartedMain] o.s.b.w.embedded.tomcat.TomcatWebServer  : Tomcat started on port(s): 8282 (http) with context path ''
2023-11-29 10:28:29.911  INFO 246448 --- [restartedMain] kr.co.Dal.DalApplication                 : Started DalApplication in 2.904 seconds (JVM running for 4.108)
